2017-05-17T22:44:06+00:00 INFO Queuing 2.4.0 - wc_update_240_options
2017-05-17T22:44:06+00:00 INFO Queuing 2.4.0 - wc_update_240_shipping_methods
2017-05-17T22:44:06+00:00 INFO Queuing 2.4.0 - wc_update_240_api_keys
2017-05-17T22:44:06+00:00 INFO Queuing 2.4.0 - wc_update_240_webhooks
2017-05-17T22:44:06+00:00 INFO Queuing 2.4.0 - wc_update_240_refunds
2017-05-17T22:44:06+00:00 INFO Queuing 2.4.0 - wc_update_240_db_version
2017-05-17T22:44:06+00:00 INFO Queuing 2.4.1 - wc_update_241_variations
2017-05-17T22:44:06+00:00 INFO Queuing 2.4.1 - wc_update_241_db_version
2017-05-17T22:44:06+00:00 INFO Queuing 2.5.0 - wc_update_250_currency
2017-05-17T22:44:06+00:00 INFO Queuing 2.5.0 - wc_update_250_db_version
2017-05-17T22:44:06+00:00 INFO Queuing 2.6.0 - wc_update_260_options
2017-05-17T22:44:06+00:00 INFO Queuing 2.6.0 - wc_update_260_termmeta
2017-05-17T22:44:06+00:00 INFO Queuing 2.6.0 - wc_update_260_zones
2017-05-17T22:44:06+00:00 INFO Queuing 2.6.0 - wc_update_260_zone_methods
2017-05-17T22:44:06+00:00 INFO Queuing 2.6.0 - wc_update_260_refunds
2017-05-17T22:44:06+00:00 INFO Queuing 2.6.0 - wc_update_260_db_version
2017-05-17T22:44:06+00:00 INFO Queuing 3.0.0 - wc_update_300_webhooks
2017-05-17T22:44:06+00:00 INFO Queuing 3.0.0 - wc_update_300_grouped_products
2017-05-17T22:44:06+00:00 INFO Queuing 3.0.0 - wc_update_300_settings
2017-05-17T22:44:06+00:00 INFO Queuing 3.0.0 - wc_update_300_product_visibility
2017-05-17T22:44:06+00:00 INFO Queuing 3.0.0 - wc_update_300_db_version
2017-05-17T22:44:06+00:00 INFO Running wc_update_240_options callback
2017-05-17T22:44:06+00:00 INFO Finished wc_update_240_options callback
2017-05-17T22:44:06+00:00 INFO Running wc_update_240_shipping_methods callback
2017-05-17T22:44:06+00:00 INFO Finished wc_update_240_shipping_methods callback
2017-05-17T22:44:06+00:00 INFO Running wc_update_240_api_keys callback
2017-05-17T22:44:06+00:00 INFO Finished wc_update_240_api_keys callback
2017-05-17T22:44:06+00:00 INFO Running wc_update_240_webhooks callback
2017-05-17T22:44:06+00:00 INFO Finished wc_update_240_webhooks callback
2017-05-17T22:44:06+00:00 INFO Running wc_update_240_refunds callback
2017-05-17T22:44:07+00:00 INFO Finished wc_update_240_refunds callback
2017-05-17T22:44:07+00:00 INFO Running wc_update_240_db_version callback
2017-05-17T22:44:07+00:00 INFO Finished wc_update_240_db_version callback
2017-05-17T22:44:07+00:00 INFO Running wc_update_241_variations callback
2017-05-17T22:44:07+00:00 INFO Finished wc_update_241_variations callback
2017-05-17T22:44:07+00:00 INFO Running wc_update_241_db_version callback
2017-05-17T22:44:07+00:00 INFO Finished wc_update_241_db_version callback
2017-05-17T22:44:07+00:00 INFO Running wc_update_250_currency callback
2017-05-17T22:44:07+00:00 INFO Finished wc_update_250_currency callback
2017-05-17T22:44:07+00:00 INFO Running wc_update_250_db_version callback
2017-05-17T22:44:07+00:00 INFO Finished wc_update_250_db_version callback
2017-05-17T22:44:07+00:00 INFO Running wc_update_260_options callback
2017-05-17T22:44:07+00:00 INFO Finished wc_update_260_options callback
2017-05-17T22:44:07+00:00 INFO Running wc_update_260_termmeta callback
2017-05-17T22:44:07+00:00 INFO Finished wc_update_260_termmeta callback
2017-05-17T22:44:07+00:00 INFO Running wc_update_260_zones callback
2017-05-17T22:44:07+00:00 INFO Finished wc_update_260_zones callback
2017-05-17T22:44:07+00:00 INFO Running wc_update_260_zone_methods callback
2017-05-17T22:44:07+00:00 INFO Finished wc_update_260_zone_methods callback
2017-05-17T22:44:07+00:00 INFO Running wc_update_260_refunds callback
2017-05-17T22:44:07+00:00 INFO Finished wc_update_260_refunds callback
2017-05-17T22:44:07+00:00 INFO Running wc_update_260_db_version callback
2017-05-17T22:44:07+00:00 INFO Finished wc_update_260_db_version callback
2017-05-17T22:44:07+00:00 INFO Running wc_update_300_webhooks callback
2017-05-17T22:44:07+00:00 INFO Finished wc_update_300_webhooks callback
2017-05-17T22:44:07+00:00 INFO Running wc_update_300_grouped_products callback
2017-05-17T22:44:07+00:00 INFO Finished wc_update_300_grouped_products callback
2017-05-17T22:44:07+00:00 INFO Running wc_update_300_settings callback
2017-05-17T22:44:07+00:00 INFO Finished wc_update_300_settings callback
2017-05-17T22:44:07+00:00 INFO Running wc_update_300_product_visibility callback
2017-05-17T22:44:07+00:00 INFO Finished wc_update_300_product_visibility callback
2017-05-17T22:44:07+00:00 INFO Running wc_update_300_db_version callback
2017-05-17T22:44:07+00:00 INFO Finished wc_update_300_db_version callback
2017-05-17T22:44:07+00:00 INFO Data update complete
